<?xml version="1.0" encoding="UTF-8"?>
<!-- Generated by org.testng.reporters.JUnitReportReporter -->
<testsuite hostname="LAPTOP-4DJRFU6J" failures="0" tests="1" name="authorizationOAuth" time="17.581" errors="0" timestamp="2025-06-09T21:07:04 IST" skipped="0">
  <testcase classname="authorizationOAuth" name="authorizationOAuthTest" time="17.581"/>
</testsuite> <!-- authorizationOAuth -->
