<?xml version="1.0" encoding="UTF-8"?>
<!-- Generated by org.testng.reporters.JUnitReportReporter -->
<testsuite hostname="LAPTOP-4DJRFU6J" failures="0" tests="1" name="dataDrivenExcel.libraryAPI" time="28.827" errors="0" timestamp="2025-06-27T20:32:20 IST" skipped="0">
  <testcase classname="dataDrivenExcel.libraryAPI" name="libraryBook" time="28.827"/>
</testsuite> <!-- dataDrivenExcel.libraryAPI -->
