<?xml version="1.0" encoding="UTF-8"?>
<!-- Generated by org.testng.reporters.JUnitReportReporter -->
<testsuite hostname="LAPTOP-4DJRFU6J" failures="0" tests="3" name="libraryAPI" time="18.807" errors="0" timestamp="2025-06-12T13:34:33 IST" skipped="0">
  <testcase classname="libraryAPI" name="libraryBook" time="0.527"/>
  <testcase classname="libraryAPI" name="libraryBook" time="17.884"/>
  <testcase classname="libraryAPI" name="libraryBook" time="0.396"/>
</testsuite> <!-- libraryAPI -->
