<?xml version="1.0" encoding="UTF-8"?>
<!-- Generated by org.testng.reporters.JUnitReportReporter -->
<testsuite hostname="LAPTOP-4DJRFU6J" failures="0" tests="1" name="SerializationMapsApi" time="11.774" errors="0" timestamp="2025-06-10T13:46:08 IST" skipped="0">
  <testcase classname="SerializationMapsApi" name="MapsApi" time="11.774"/>
</testsuite> <!-- SerializationMapsApi -->
