<?xml version="1.0" encoding="UTF-8"?>
<!-- Generated by org.testng.reporters.JUnitReportReporter -->
<testsuite hostname="LAPTOP-4DJRFU6J" failures="0" tests="1" name="eCommerceE2E.eCommerceAPITest" time="16.666" errors="0" timestamp="2025-06-12T20:56:27 IST" skipped="0">
  <testcase classname="eCommerceE2E.eCommerceAPITest" name="eCommerce" time="16.666"/>
</testsuite> <!-- eCommerceE2E.eCommerceAPITest -->
