<?xml version="1.0" encoding="UTF-8"?>
<!-- Generated by org.testng.reporters.JUnitReportReporter -->
<testsuite hostname="LAPTOP-4DJRFU6J" failures="0" tests="1" name="SpecBuilderTest" time="13.916" errors="0" timestamp="2025-06-10T20:01:19 IST" skipped="0">
  <testcase classname="SpecBuilderTest" name="MapsApi" time="13.916"/>
</testsuite> <!-- SpecBuilderTest -->
