<?xml version="1.0" encoding="UTF-8"?>
<!-- Generated by org.testng.reporters.JUnitReportReporter -->
<testsuite hostname="LAPTOP-4DJRFU6J" failures="0" tests="1" name="bugReportJira" time="20.153" errors="0" timestamp="2025-06-07T14:02:14 IST" skipped="0">
  <testcase classname="bugReportJira" name="createBug" time="20.153"/>
</testsuite> <!-- bugReportJira -->
